<?xml version="1.0" encoding="UTF-8"?>
<!-- Generated by org.testng.reporters.JUnitXMLReporter -->
<testsuite hostname="MANEESHMS" failures="2" tests="2" name="TestHome" time="0.04" errors="0" timestamp="4 Apr 2020 03:26:06 GMT">
  <testcase classname="Program.Yahoo_HomePage_Program" name="YahooHome" time="0.015">
    <failure type="java.lang.NullPointerException">
      <![CDATA[java.lang.NullPointerException
	at Resources.Browser_Initialization.initialize(Browser_Initialization.java:27)
	at Program.Yahoo_HomePage_Program.YahooHome(Yahoo_HomePage_Program.java:29)
... Removed 24 stack frames]]>
    </failure>
  </testcase> <!-- YahooHome -->
  <testcase classname="Program.Yahoo_HomePage_Program" name="YahooHome" time="0.039">
    <failure type="java.lang.NullPointerException">
      <![CDATA[java.lang.NullPointerException
	at Resources.Browser_Initialization.screenshot(Browser_Initialization.java:49)
	at Resources.listners.onTestFailure(listners.java:25)
... Removed 21 stack frames]]>
    </failure>
  </testcase> <!-- YahooHome -->
</testsuite> <!-- TestHome -->
