<?xml version="1.0" encoding="UTF-8"?>
<testng-results total="2" passed="2" failed="0" skipped="0">
  <reporter-output>
  </reporter-output>
  <suite started-at="2020-04-03T23:03:12Z" name="Suite" finished-at="2020-04-03T23:04:13Z" duration-ms="61195">
    <groups>
    </groups>
    <test started-at="2020-04-03T23:03:12Z" name="TestHome" finished-at="2020-04-03T23:03:47Z" duration-ms="35286">
      <class name="Program.Yahoo_HomePage_Program">
        <test-method signature="openingBrowser()[pri:0, instance:Program.Yahoo_HomePage_Program@6865c751]" started-at="2020-04-03T19:03:12Z" name="openingBrowser" finished-at="2020-04-03T19:03:47Z" duration-ms="35271" status="PASS">
          <reporter-output>
          </reporter-output>
        </test-method> <!-- openingBrowser -->
      </class> <!-- Program.Yahoo_HomePage_Program -->
    </test> <!-- TestHome -->
    <test started-at="2020-04-03T23:03:47Z" name="TestEmail" finished-at="2020-04-03T23:04:13Z" duration-ms="25865">
      <class name="Program.YahooEmailPage">
        <test-method signature="openingBrowser()[pri:0, instance:Program.YahooEmailPage@61861a29]" started-at="2020-04-03T19:03:47Z" name="openingBrowser" finished-at="2020-04-03T19:04:13Z" duration-ms="25860" status="PASS">
          <reporter-output>
          </reporter-output>
        </test-method> <!-- openingBrowser -->
      </class> <!-- Program.YahooEmailPage -->
    </test> <!-- TestEmail -->
  </suite> <!-- Suite -->
</testng-results>
